{"uuid":"445ead72-596f-4221-9fa6-ff46345c9e41","name":"Run on FIREFOX browser","children":["4052fee3-3b5e-4d58-b1f3-066f20c0b4db"],"befores":[{"name":"Login_01_Valid_Email_And_Password","status":"broken","statusDetails":{"known":false,"muted":false,"flaky":false,"message":"Expected condition failed: waiting for element to be clickable: By.xpath: //button[@title='Register'] (tried for 30 second(s) with 500 milliseconds interval)","trace":"org.openqa.selenium.TimeoutException: Expected condition failed: waiting for element to be clickable: By.xpath: //button[@title='Register'] (tried for 30 second(s) with 500 milliseconds interval)\r\n\tat org.openqa.selenium.support.ui.WebDriverWait.timeoutException(WebDriverWait.java:95)\r\n\tat org.openqa.selenium.support.ui.FluentWait.until(FluentWait.java:272)\r\n\tat commons.BasePage.waitForElementClickable(BasePage.java:906)\r\n\tat pageObjects.user.UserLoginPageObject.openRegisterPage(UserLoginPageObject.java:75)\r\n\tat com.techpanda.common.Common_01_Register_End_User.Login_01_Valid_Email_And_Password(Common_01_Register_End_User.java:37)\r\n\tat java.base/jdk.internal.reflect.NativeMethodAccessorImpl.invoke0(Native Method)\r\n\tat java.base/jdk.internal.reflect.NativeMethodAccessorImpl.invoke(NativeMethodAccessorImpl.java:62)\r\n\tat java.base/jdk.internal.reflect.DelegatingMethodAccessorImpl.invoke(DelegatingMethodAccessorImpl.java:43)\r\n\tat java.base/java.lang.reflect.Method.invoke(Method.java:566)\r\n\tat org.testng.internal.MethodInvocationHelper.invokeMethod(MethodInvocationHelper.java:124)\r\n\tat org.testng.internal.MethodInvocationHelper.invokeMethodConsideringTimeout(MethodInvocationHelper.java:59)\r\n\tat org.testng.internal.Invoker.invokeConfigurationMethod(Invoker.java:458)\r\n\tat org.testng.internal.Invoker.invokeConfigurations(Invoker.java:222)\r\n\tat org.testng.internal.Invoker.invokeConfigurations(Invoker.java:142)\r\n\tat org.testng.TestRunner.beforeRun(TestRunner.java:529)\r\n\tat org.testng.TestRunner.run(TestRunner.java:497)\r\n\tat org.testng.SuiteRunner.runTest(SuiteRunner.java:455)\r\n\tat org.testng.SuiteRunner.runSequentially(SuiteRunner.java:450)\r\n\tat org.testng.SuiteRunner.privateRun(SuiteRunner.java:415)\r\n\tat org.testng.SuiteRunner.run(SuiteRunner.java:364)\r\n\tat org.testng.SuiteRunnerWorker.runSuite(SuiteRunnerWorker.java:52)\r\n\tat org.testng.SuiteRunnerWorker.run(SuiteRunnerWorker.java:84)\r\n\tat org.testng.TestNG.runSuitesSequentially(TestNG.java:1208)\r\n\tat org.testng.TestNG.runSuitesLocally(TestNG.java:1137)\r\n\tat org.testng.TestNG.runSuites(TestNG.java:1049)\r\n\tat org.testng.TestNG.run(TestNG.java:1017)\r\n\tat com.intellij.rt.testng.IDEARemoteTestNG.run(IDEARemoteTestNG.java:66)\r\n\tat com.intellij.rt.testng.RemoteTestNGStarter.main(RemoteTestNGStarter.java:109)\r\nCaused by: org.openqa.selenium.NoSuchElementException: Unable to locate element: //button[@title='Register']\nFor documentation on this error, please visit: https://www.seleniumhq.org/exceptions/no_such_element.html\nBuild info: version: '3.141.59', revision: 'e82be7d358', time: '2018-11-14T08:25:53'\nSystem info: host: 'DUNGTAPC', ip: '192.168.1.3', os.name: 'Windows 10', os.arch: 'amd64', os.version: '10.0', java.version: '11.0.11'\nDriver info: org.openqa.selenium.firefox.FirefoxDriver\nCapabilities {acceptInsecureCerts: true, browserName: firefox, browserVersion: 102.0.1, javascriptEnabled: true, moz:accessibilityChecks: false, moz:buildID: 20220705093820, moz:geckodriverVersion: 0.31.0, moz:headless: false, moz:processID: 20504, moz:profile: C:\\Users\\ttdun\\AppData\\Loca..., moz:shutdownTimeout: 60000, moz:useNonSpecCompliantPointerOrigin: false, moz:webdriverClick: true, moz:windowless: false, pageLoadStrategy: normal, platform: WINDOWS, platformName: WINDOWS, platformVersion: 10.0, proxy: Proxy(), setWindowRect: true, strictFileInteractability: false, timeouts: {implicit: 0, pageLoad: 300000, script: 30000}, unhandledPromptBehavior: dismiss and notify}\nSession ID: 7dd00443-b045-49ff-98a9-91d5deabdf55\n*** Element info: {Using=xpath, value=//button[@title='Register']}\r\n\tat java.base/jdk.internal.reflect.NativeConstructorAccessorImpl.newInstance0(Native Method)\r\n\tat java.base/jdk.internal.reflect.NativeConstructorAccessorImpl.newInstance(NativeConstructorAccessorImpl.java:62)\r\n\tat java.base/jdk.internal.reflect.DelegatingConstructorAccessorImpl.newInstance(DelegatingConstructorAccessorImpl.java:45)\r\n\tat java.base/java.lang.reflect.Constructor.newInstance(Constructor.java:490)\r\n\tat org.openqa.selenium.remote.http.W3CHttpResponseCodec.createException(W3CHttpResponseCodec.java:187)\r\n\tat org.openqa.selenium.remote.http.W3CHttpResponseCodec.decode(W3CHttpResponseCodec.java:122)\r\n\tat org.openqa.selenium.remote.http.W3CHttpResponseCodec.decode(W3CHttpResponseCodec.java:49)\r\n\tat org.openqa.selenium.remote.HttpCommandExecutor.execute(HttpCommandExecutor.java:158)\r\n\tat org.openqa.selenium.remote.service.DriverCommandExecutor.execute(DriverCommandExecutor.java:83)\r\n\tat org.openqa.selenium.remote.RemoteWebDriver.execute(RemoteWebDriver.java:552)\r\n\tat org.openqa.selenium.remote.RemoteWebDriver.findElement(RemoteWebDriver.java:323)\r\n\tat org.openqa.selenium.remote.RemoteWebDriver.findElementByXPath(RemoteWebDriver.java:428)\r\n\tat org.openqa.selenium.By$ByXPath.findElement(By.java:353)\r\n\tat org.openqa.selenium.remote.RemoteWebDriver.findElement(RemoteWebDriver.java:315)\r\n\tat org.openqa.selenium.support.ui.ExpectedConditions$7.apply(ExpectedConditions.java:205)\r\n\tat org.openqa.selenium.support.ui.ExpectedConditions$7.apply(ExpectedConditions.java:201)\r\n\tat org.openqa.selenium.support.ui.ExpectedConditions$22.apply(ExpectedConditions.java:641)\r\n\tat org.openqa.selenium.support.ui.ExpectedConditions$22.apply(ExpectedConditions.java:638)\r\n\tat org.openqa.selenium.support.ui.FluentWait.until(FluentWait.java:249)\r\n\t... 26 more\r\n"},"stage":"finished","description":"","steps":[],"attachments":[],"parameters":[],"start":1658075422528,"stop":1658075460942}],"afters":[],"links":[],"start":1658075422518,"stop":1658075461022}